0 info it worked if it ends with ok
1 verbose cli [ '/usr/bin/node', '/usr/bin/npm', 'run', 'convert' ]
2 info using npm@3.5.2
3 info using node@v8.10.0
4 verbose run-script [ 'preconvert', 'convert', 'postconvert' ]
5 info lifecycle @~preconvert: @
6 silly lifecycle @~preconvert: no script for preconvert, continuing
7 info lifecycle @~convert: @
8 verbose lifecycle @~convert: unsafe-perm in lifecycle true
9 verbose lifecycle @~convert: PATH: /usr/share/npm/bin/node-gyp-bin:/home/alana/tainacan-wiki/node_modules/.bin:/home/alana/Downloads/google-cloud-sdk/bin:/usr/local/sbin:/usr/local/bin:/usr/sbin:/usr/bin:/sbin:/bin:/usr/games:/usr/local/games
10 verbose lifecycle @~convert: CWD: /home/alana/tainacan-wiki
11 silly lifecycle @~convert: Args: [ '-c', 'docsify-pdf-converter' ]
12 info lifecycle @~convert: Failed to exec convert script
13 verbose stack Error: @ convert: `docsify-pdf-converter`
13 verbose stack spawn ENOENT
13 verbose stack     at ChildProcess.<anonymous> (/usr/share/npm/lib/utils/spawn.js:17:16)
13 verbose stack     at emitTwo (events.js:126:13)
13 verbose stack     at ChildProcess.emit (events.js:214:7)
13 verbose stack     at maybeClose (internal/child_process.js:925:16)
13 verbose stack     at Process.ChildProcess._handle.onexit (internal/child_process.js:209:5)
14 verbose pkgid @
15 verbose cwd /home/alana/tainacan-wiki
16 error Linux 5.4.0-42-generic
17 error argv "/usr/bin/node" "/usr/bin/npm" "run" "convert"
18 error node v8.10.0
19 error npm  v3.5.2
20 error file sh
21 error code ELIFECYCLE
22 error errno ENOENT
23 error syscall spawn
24 error @ convert: `docsify-pdf-converter`
24 error spawn ENOENT
25 error Failed at the @ convert script 'docsify-pdf-converter'.
25 error Make sure you have the latest version of node.js and npm installed.
25 error If you do, this is most likely a problem with the  package,
25 error not with npm itself.
25 error Tell the author that this fails on your system:
25 error     docsify-pdf-converter
25 error You can get information on how to open an issue for this project with:
25 error     npm bugs
25 error Or if that isn't available, you can get their info via:
25 error     npm owner ls
25 error There is likely additional logging output above.
26 verbose exit [ 1, true ]
